<?xml version="1.0" encoding="UTF-8"?>
<!-- Generated by org.testng.reporters.JUnitReportReporter -->
<testsuite ignored="0" hostname="Deepali-SN" failures="0" tests="3" name="com.automationFramework.uiTests.LoginTest" time="82.027" errors="0" timestamp="16 Feb 2022 12:44:06 GMT" skipped="0">
  <testcase classname="com.automationFramework.uiTests.LoginTest" name="testLoginToApplication" time="17.438"/>
  <testcase classname="com.automationFramework.uiTests.LoginTest" name="testLoginToApplication" time="48.368"/>
  <testcase classname="com.automationFramework.uiTests.LoginTest" name="testLoginToApplication" time="16.221"/>
</testsuite> <!-- com.automationFramework.uiTests.LoginTest -->
