<?xml version="1.0" encoding="UTF-8"?>
<!-- Generated by org.testng.reporters.JUnitReportReporter -->
<testsuite ignored="0" hostname="Deepali-SN" failures="0" tests="3" name="com.automationFramework.apiTests.GetUserDetailsTest" time="3.684" errors="0" timestamp="09 Mar 2022 07:58:23 GMT" skipped="0">
  <testcase classname="com.automationFramework.apiTests.GetUserDetailsTest" name="getUserDetailsTest" time="0.495"/>
  <testcase classname="com.automationFramework.apiTests.GetUserDetailsTest" name="getUserDetailsTest" time="0.450"/>
  <testcase classname="com.automationFramework.apiTests.GetUserDetailsTest" name="getUserDetailsTest" time="2.739"/>
</testsuite> <!-- com.automationFramework.apiTests.GetUserDetailsTest -->
