<?xml version="1.0" encoding="UTF-8"?>
<!-- Generated by org.testng.reporters.JUnitReportReporter -->
<testsuite ignored="0" hostname="Deepali-SN" failures="0" tests="3" name="com.automationFramework.uiTests.Registration" time="71.009" errors="0" timestamp="09 Mar 2022 07:58:23 GMT" skipped="0">
  <testcase classname="com.automationFramework.uiTests.Registration" name="testLoginToApplication" time="17.341"/>
  <testcase classname="com.automationFramework.uiTests.Registration" name="testLoginToApplication" time="28.493"/>
  <testcase classname="com.automationFramework.uiTests.Registration" name="testLoginToApplication" time="25.175"/>
</testsuite> <!-- com.automationFramework.uiTests.Registration -->
