<?xml version="1.0" encoding="UTF-8"?>
<!-- Generated by org.testng.reporters.JUnitReportReporter -->
<testsuite ignored="0" hostname="Deepali-SN" failures="0" tests="1" name="com.automationFramework.uiTests.IFrameTest" time="26.773" errors="0" timestamp="18 Feb 2022 19:18:31 GMT" skipped="0">
  <testcase classname="com.automationFramework.uiTests.IFrameTest" name="testIframeNavigation" time="26.773"/>
</testsuite> <!-- com.automationFramework.uiTests.IFrameTest -->
