<?xml version="1.0" encoding="UTF-8"?>
<!-- Generated by org.testng.reporters.JUnitReportReporter -->
<testsuite ignored="0" hostname="Deepali-SN" failures="0" tests="3" name="com.automationFramework.apiTests.AddUserTest" time="15.615" errors="0" timestamp="08 Mar 2022 07:26:42 GMT" skipped="0">
  <testcase classname="com.automationFramework.apiTests.AddUserTest" name="addUserTest" time="8.721"/>
  <testcase classname="com.automationFramework.apiTests.AddUserTest" name="addUserTest" time="4.477"/>
  <testcase classname="com.automationFramework.apiTests.AddUserTest" name="addUserTest" time="2.417"/>
</testsuite> <!-- com.automationFramework.apiTests.AddUserTest -->
