<?xml version="1.0" encoding="UTF-8"?>
<!-- Generated by org.testng.reporters.JUnitReportReporter -->
<testsuite ignored="0" hostname="Deepali-SN" failures="0" tests="5" name="com.automationFramework.apiTests.TestNGPriority" time="0.013" errors="0" timestamp="16 Nov 2021 09:12:10 GMT" skipped="0">
  <testcase classname="com.automationFramework.apiTests.TestNGPriority" name="method2" time="0.001"/>
  <testcase classname="com.automationFramework.apiTests.TestNGPriority" name="method3" time="0.010"/>
  <testcase classname="com.automationFramework.apiTests.TestNGPriority" name="methodFive" time="0.001"/>
  <testcase classname="com.automationFramework.apiTests.TestNGPriority" name="method1" time="0.000"/>
  <testcase classname="com.automationFramework.apiTests.TestNGPriority" name="methodFour" time="0.001"/>
</testsuite> <!-- com.automationFramework.apiTests.TestNGPriority -->
