<?xml version="1.0" encoding="UTF-8"?>
<!-- Generated by org.testng.reporters.JUnitReportReporter -->
<testsuite ignored="0" hostname="Deepali-SN" failures="0" tests="1" name="com.automationFramework.uiTests.Registration" time="0.000" errors="0" timestamp="17 Feb 2022 04:39:49 GMT" skipped="1">
  <testcase classname="com.automationFramework.uiTests.Registration" name="testLoginToApplication" time="0.000">
    <skipped/>
  </testcase> <!-- testLoginToApplication -->
</testsuite> <!-- com.automationFramework.uiTests.Registration -->
