<?xml version="1.0" encoding="UTF-8"?>
<!-- Generated by org.testng.reporters.JUnitReportReporter -->
<testsuite ignored="0" hostname="Deepali-SN" failures="0" tests="3" name="com.automationFramework.apiTests.WeatherInfoTests" time="8.696" errors="0" timestamp="17 Feb 2022 05:42:27 GMT" skipped="0">
  <testcase classname="com.automationFramework.apiTests.WeatherInfoTests" name="getWeatherDetailsWithCorrectCityNameTest" time="3.381"/>
  <testcase classname="com.automationFramework.apiTests.WeatherInfoTests" name="getWeatherDetailsWithCorrectCityNameTest" time="3.742"/>
  <testcase classname="com.automationFramework.apiTests.WeatherInfoTests" name="getWeatherDetailsWithCorrectCityNameTest" time="1.573"/>
</testsuite> <!-- com.automationFramework.apiTests.WeatherInfoTests -->
